<?xml version="1.0" encoding="UTF-8"?>
<testng-results skipped="0" failed="0" ignored="0" total="1" passed="1">
  <reporter-output>
  </reporter-output>
  <suite name="Suite" duration-ms="10936" started-at="2020-04-30T22:02:36Z" finished-at="2020-04-30T22:02:47Z">
    <groups>
    </groups>
    <test name="Test" duration-ms="10936" started-at="2020-04-30T22:02:36Z" finished-at="2020-04-30T22:02:47Z">
      <class name="tests.TestSourch">
        <test-method status="PASS" signature="testSourch()[pri:0, instance:tests.TestSourch@7181ae3f]" name="testSourch" duration-ms="10920" started-at="2020-04-30T22:02:36Z" finished-at="2020-04-30T22:02:47Z">
          <reporter-output>
          </reporter-output>
        </test-method> <!-- testSourch -->
      </class> <!-- tests.TestSourch -->
    </test> <!-- Test -->
  </suite> <!-- Suite -->
</testng-results>
